[20/11/2021 - 16:06:26] -> [INFO]: plugin is using samp-node.json config file
[20/11/2021 - 16:06:26] -> [PLUGIN] samp-node plugin started...
[20/11/2021 - 16:06:50] -> [INFO]: plugin is using samp-node.json config file
[20/11/2021 - 16:06:50] -> [PLUGIN] samp-node plugin started...
[20/11/2021 - 16:08:41] -> [INFO]: plugin is using samp-node.json config file
[20/11/2021 - 16:08:41] -> [PLUGIN] samp-node plugin started...
[20/11/2021 - 16:10:14] -> [INFO]: plugin is using samp-node.json config file
[20/11/2021 - 16:10:14] -> [PLUGIN] samp-node plugin started...
[20/11/2021 - 16:10:34] -> [INFO]: plugin is using samp-node.json config file
[20/11/2021 - 16:10:34] -> [PLUGIN] samp-node plugin started...
[20/11/2021 - 16:12:07] -> [INFO]: plugin is using samp-node.json config file
[20/11/2021 - 16:12:07] -> [PLUGIN] samp-node plugin started...
[20/11/2021 - 16:13:09] -> [INFO]: plugin is using samp-node.json config file
[20/11/2021 - 16:13:09] -> [PLUGIN] samp-node plugin started...
[20/11/2021 - 16:18:45] -> [INFO]: plugin is using samp-node.json config file
[20/11/2021 - 16:18:45] -> [PLUGIN] samp-node plugin started...
[20/11/2021 - 16:19:58] -> [INFO]: plugin is using samp-node.json config file
[20/11/2021 - 16:19:58] -> [PLUGIN] samp-node plugin started...
[20/11/2021 - 16:21:06] -> [INFO]: plugin is using samp-node.json config file
[20/11/2021 - 16:21:06] -> [PLUGIN] samp-node plugin started...
[20/11/2021 - 16:22:19] -> [INFO]: plugin is using samp-node.json config file
[20/11/2021 - 16:22:19] -> [PLUGIN] samp-node plugin started...
[20/11/2021 - 16:23:35] -> [INFO]: plugin is using samp-node.json config file
[20/11/2021 - 16:23:35] -> [PLUGIN] samp-node plugin started...
[20/11/2021 - 16:23:46] -> [INFO]: plugin is using samp-node.json config file
[20/11/2021 - 16:23:46] -> [PLUGIN] samp-node plugin started...
[20/11/2021 - 16:25:17] -> [INFO]: plugin is using samp-node.json config file
[20/11/2021 - 16:25:17] -> [PLUGIN] samp-node plugin started...
[20/11/2021 - 16:25:53] -> [INFO]: plugin is using samp-node.json config file
[20/11/2021 - 16:25:53] -> [PLUGIN] samp-node plugin started...
[20/11/2021 - 16:33:59] -> [INFO]: plugin is using samp-node.json config file
[20/11/2021 - 16:33:59] -> [PLUGIN] samp-node plugin started...
[20/11/2021 - 16:43:58] -> [INFO]: plugin is using samp-node.json config file
[20/11/2021 - 16:43:58] -> [PLUGIN] samp-node plugin started...
[20/11/2021 - 16:45:15] -> [INFO]: plugin is using samp-node.json config file
[20/11/2021 - 16:45:15] -> [PLUGIN] samp-node plugin started...
[20/11/2021 - 16:48:41] -> [INFO]: plugin is using samp-node.json config file
[20/11/2021 - 16:48:41] -> [PLUGIN] samp-node plugin started...
[20/11/2021 - 16:53:45] -> [INFO]: plugin is using samp-node.json config file
[20/11/2021 - 16:53:45] -> [PLUGIN] samp-node plugin started...
[20/11/2021 - 16:54:11] -> [INFO]: plugin is using samp-node.json config file
[20/11/2021 - 16:54:11] -> [PLUGIN] samp-node plugin started...
[20/11/2021 - 16:54:39] -> [INFO]: plugin is using samp-node.json config file
[20/11/2021 - 16:54:39] -> [PLUGIN] samp-node plugin started...
[20/11/2021 - 16:55:24] -> [INFO]: plugin is using samp-node.json config file
[20/11/2021 - 16:55:24] -> [PLUGIN] samp-node plugin started...
[20/11/2021 - 16:56:10] -> [INFO]: plugin is using samp-node.json config file
[20/11/2021 - 16:56:10] -> [PLUGIN] samp-node plugin started...
[20/11/2021 - 16:56:45] -> [INFO]: plugin is using samp-node.json config file
[20/11/2021 - 16:56:45] -> [PLUGIN] samp-node plugin started...
[20/11/2021 - 17:01:49] -> [INFO]: plugin is using samp-node.json config file
[20/11/2021 - 17:01:49] -> [PLUGIN] samp-node plugin started...
[20/11/2021 - 17:01:57] -> [INFO]: plugin is using samp-node.json config file
[20/11/2021 - 17:01:57] -> [PLUGIN] samp-node plugin started...
[20/11/2021 - 17:03:05] -> [INFO]: plugin is using samp-node.json config file
[20/11/2021 - 17:03:05] -> [PLUGIN] samp-node plugin started...
[20/11/2021 - 17:12:19] -> [INFO]: plugin is using samp-node.json config file
[20/11/2021 - 17:12:19] -> [PLUGIN] samp-node plugin started...
[20/11/2021 - 17:12:32] -> [INFO]: plugin is using samp-node.json config file
[20/11/2021 - 17:12:32] -> [PLUGIN] samp-node plugin started...
[20/11/2021 - 17:19:27] -> [INFO]: plugin is using samp-node.json config file
[20/11/2021 - 17:19:27] -> [PLUGIN] samp-node plugin started...
[20/11/2021 - 17:42:37] -> [INFO]: plugin is using samp-node.json config file
[20/11/2021 - 17:42:37] -> [PLUGIN] samp-node plugin started...
[20/11/2021 - 17:46:16] -> [INFO]: plugin is using samp-node.json config file
[20/11/2021 - 17:46:16] -> [PLUGIN] samp-node plugin started...
[20/11/2021 - 17:46:47] -> [INFO]: plugin is using samp-node.json config file
[20/11/2021 - 17:46:47] -> [PLUGIN] samp-node plugin started...
[20/11/2021 - 17:47:02] -> [INFO]: plugin is using samp-node.json config file
[20/11/2021 - 17:47:02] -> [PLUGIN] samp-node plugin started...
[20/11/2021 - 17:54:24] -> [INFO]: plugin is using samp-node.json config file
[20/11/2021 - 17:54:24] -> [PLUGIN] samp-node plugin started...
[20/11/2021 - 18:19:25] -> [INFO]: plugin is using samp-node.json config file
[20/11/2021 - 18:19:25] -> [PLUGIN] samp-node plugin started...
[20/11/2021 - 18:19:52] -> [INFO]: plugin is using samp-node.json config file
[20/11/2021 - 18:19:52] -> [PLUGIN] samp-node plugin started...
[20/11/2021 - 18:25:27] -> [INFO]: plugin is using samp-node.json config file
[20/11/2021 - 18:25:27] -> [PLUGIN] samp-node plugin started...
[20/11/2021 - 18:30:26] -> [INFO]: plugin is using samp-node.json config file
[20/11/2021 - 18:30:26] -> [PLUGIN] samp-node plugin started...
[20/11/2021 - 18:31:26] -> [INFO]: plugin is using samp-node.json config file
[20/11/2021 - 18:31:26] -> [PLUGIN] samp-node plugin started...
[20/11/2021 - 18:31:38] -> [INFO]: plugin is using samp-node.json config file
[20/11/2021 - 18:31:38] -> [PLUGIN] samp-node plugin started...
[20/11/2021 - 18:35:17] -> [INFO]: plugin is using samp-node.json config file
[20/11/2021 - 18:35:17] -> [PLUGIN] samp-node plugin started...
[20/11/2021 - 18:35:33] -> [INFO]: plugin is using samp-node.json config file
[20/11/2021 - 18:35:33] -> [PLUGIN] samp-node plugin started...
[20/11/2021 - 18:35:46] -> [INFO]: plugin is using samp-node.json config file
[20/11/2021 - 18:35:46] -> [PLUGIN] samp-node plugin started...
[20/11/2021 - 18:40:27] -> [INFO]: plugin is using samp-node.json config file
[20/11/2021 - 18:40:27] -> [PLUGIN] samp-node plugin started...
[20/11/2021 - 18:40:34] -> [INFO]: plugin is using samp-node.json config file
[20/11/2021 - 18:40:34] -> [PLUGIN] samp-node plugin started...
[20/11/2021 - 18:40:47] -> [INFO]: plugin is using samp-node.json config file
[20/11/2021 - 18:40:47] -> [PLUGIN] samp-node plugin started...
[20/11/2021 - 18:43:19] -> [INFO]: plugin is using samp-node.json config file
[20/11/2021 - 18:43:19] -> [PLUGIN] samp-node plugin started...
[20/11/2021 - 18:43:53] -> [INFO]: plugin is using samp-node.json config file
[20/11/2021 - 18:43:53] -> [PLUGIN] samp-node plugin started...
[20/11/2021 - 18:44:05] -> [INFO]: plugin is using samp-node.json config file
[20/11/2021 - 18:44:05] -> [PLUGIN] samp-node plugin started...
[20/11/2021 - 18:44:28] -> [INFO]: plugin is using samp-node.json config file
[20/11/2021 - 18:44:28] -> [PLUGIN] samp-node plugin started...
[20/11/2021 - 18:44:52] -> [INFO]: plugin is using samp-node.json config file
[20/11/2021 - 18:44:52] -> [PLUGIN] samp-node plugin started...
[20/11/2021 - 18:45:17] -> [INFO]: plugin is using samp-node.json config file
[20/11/2021 - 18:45:17] -> [PLUGIN] samp-node plugin started...
[20/11/2021 - 18:45:41] -> [INFO]: plugin is using samp-node.json config file
[20/11/2021 - 18:45:41] -> [PLUGIN] samp-node plugin started...
[20/11/2021 - 18:45:49] -> [INFO]: plugin is using samp-node.json config file
[20/11/2021 - 18:45:49] -> [PLUGIN] samp-node plugin started...
[20/11/2021 - 18:46:03] -> [INFO]: plugin is using samp-node.json config file
[20/11/2021 - 18:46:03] -> [PLUGIN] samp-node plugin started...
[20/11/2021 - 18:46:25] -> [INFO]: plugin is using samp-node.json config file
[20/11/2021 - 18:46:25] -> [PLUGIN] samp-node plugin started...
[20/11/2021 - 18:47:23] -> [INFO]: plugin is using samp-node.json config file
[20/11/2021 - 18:47:23] -> [PLUGIN] samp-node plugin started...
[20/11/2021 - 18:47:49] -> [INFO]: plugin is using samp-node.json config file
[20/11/2021 - 18:47:49] -> [PLUGIN] samp-node plugin started...
[20/11/2021 - 18:49:23] -> [INFO]: plugin is using samp-node.json config file
[20/11/2021 - 18:49:23] -> [PLUGIN] samp-node plugin started...
[20/11/2021 - 18:49:59] -> [INFO]: plugin is using samp-node.json config file
[20/11/2021 - 18:49:59] -> [PLUGIN] samp-node plugin started...
[20/11/2021 - 18:50:18] -> [INFO]: plugin is using samp-node.json config file
[20/11/2021 - 18:50:18] -> [PLUGIN] samp-node plugin started...
[20/11/2021 - 18:52:19] -> [INFO]: plugin is using samp-node.json config file
[20/11/2021 - 18:52:19] -> [PLUGIN] samp-node plugin started...
[20/11/2021 - 18:52:59] -> [INFO]: plugin is using samp-node.json config file
[20/11/2021 - 18:52:59] -> [PLUGIN] samp-node plugin started...
[20/11/2021 - 18:53:12] -> [INFO]: plugin is using samp-node.json config file
[20/11/2021 - 18:53:12] -> [PLUGIN] samp-node plugin started...
[20/11/2021 - 18:54:17] -> [INFO]: plugin is using samp-node.json config file
[20/11/2021 - 18:54:17] -> [PLUGIN] samp-node plugin started...
[20/11/2021 - 18:54:53] -> [INFO]: plugin is using samp-node.json config file
[20/11/2021 - 18:54:53] -> [PLUGIN] samp-node plugin started...
[20/11/2021 - 18:55:07] -> [INFO]: plugin is using samp-node.json config file
[20/11/2021 - 18:55:07] -> [PLUGIN] samp-node plugin started...
[20/11/2021 - 18:55:38] -> [INFO]: plugin is using samp-node.json config file
[20/11/2021 - 18:55:38] -> [PLUGIN] samp-node plugin started...
[20/11/2021 - 18:57:51] -> [INFO]: plugin is using samp-node.json config file
[20/11/2021 - 18:57:51] -> [PLUGIN] samp-node plugin started...
[20/11/2021 - 18:58:57] -> [INFO]: plugin is using samp-node.json config file
[20/11/2021 - 18:58:57] -> [PLUGIN] samp-node plugin started...
[20/11/2021 - 18:59:10] -> [INFO]: plugin is using samp-node.json config file
[20/11/2021 - 18:59:10] -> [PLUGIN] samp-node plugin started...
[20/11/2021 - 18:59:23] -> [INFO]: plugin is using samp-node.json config file
[20/11/2021 - 18:59:23] -> [PLUGIN] samp-node plugin started...
[20/11/2021 - 19:01:26] -> [INFO]: plugin is using samp-node.json config file
[20/11/2021 - 19:01:26] -> [PLUGIN] samp-node plugin started...
[20/11/2021 - 19:10:21] -> [INFO]: plugin is using samp-node.json config file
[20/11/2021 - 19:10:21] -> [PLUGIN] samp-node plugin started...
[20/11/2021 - 19:10:30] -> [INFO]: plugin is using samp-node.json config file
[20/11/2021 - 19:10:30] -> [PLUGIN] samp-node plugin started...
[20/11/2021 - 19:11:08] -> [INFO]: plugin is using samp-node.json config file
[20/11/2021 - 19:11:08] -> [PLUGIN] samp-node plugin started...
[20/11/2021 - 19:11:08] -> [INFO]: unable to locate JSON config file at ./server_package/index.js/resource-config.json.
[20/11/2021 - 19:11:08] -> [ERROR]: Unable to load config file of resource index.js
[20/11/2021 - 19:12:14] -> [INFO]: plugin is using samp-node.json config file
[20/11/2021 - 19:12:14] -> [PLUGIN] samp-node plugin started...
[20/11/2021 - 19:13:10] -> [INFO]: plugin is using samp-node.json config file
[20/11/2021 - 19:13:10] -> [PLUGIN] samp-node plugin started...
[20/11/2021 - 19:13:48] -> [INFO]: plugin is using samp-node.json config file
[20/11/2021 - 19:13:48] -> [PLUGIN] samp-node plugin started...
[20/11/2021 - 19:14:27] -> [INFO]: plugin is using samp-node.json config file
[20/11/2021 - 19:14:27] -> [PLUGIN] samp-node plugin started...
[20/11/2021 - 19:14:43] -> [INFO]: plugin is using samp-node.json config file
[20/11/2021 - 19:14:43] -> [PLUGIN] samp-node plugin started...
[20/11/2021 - 19:15:11] -> [INFO]: plugin is using samp-node.json config file
[20/11/2021 - 19:15:11] -> [PLUGIN] samp-node plugin started...
[20/11/2021 - 19:16:50] -> [INFO]: plugin is using samp-node.json config file
[20/11/2021 - 19:16:50] -> [PLUGIN] samp-node plugin started...
[20/11/2021 - 19:17:04] -> [INFO]: plugin is using samp-node.json config file
[20/11/2021 - 19:17:04] -> [PLUGIN] samp-node plugin started...
[20/11/2021 - 19:17:28] -> [INFO]: plugin is using samp-node.json config file
[20/11/2021 - 19:17:28] -> [PLUGIN] samp-node plugin started...
[20/11/2021 - 19:18:28] -> [INFO]: plugin is using samp-node.json config file
[20/11/2021 - 19:18:28] -> [PLUGIN] samp-node plugin started...
[20/11/2021 - 19:18:58] -> [INFO]: plugin is using samp-node.json config file
[20/11/2021 - 19:18:58] -> [PLUGIN] samp-node plugin started...
[20/11/2021 - 19:19:11] -> [INFO]: plugin is using samp-node.json config file
[20/11/2021 - 19:19:11] -> [PLUGIN] samp-node plugin started...
[20/11/2021 - 19:19:28] -> [INFO]: plugin is using samp-node.json config file
[20/11/2021 - 19:19:28] -> [PLUGIN] samp-node plugin started...
[20/11/2021 - 19:20:16] -> [INFO]: plugin is using samp-node.json config file
[20/11/2021 - 19:20:16] -> [PLUGIN] samp-node plugin started...
[20/11/2021 - 19:21:17] -> [INFO]: plugin is using samp-node.json config file
[20/11/2021 - 19:21:17] -> [PLUGIN] samp-node plugin started...
[20/11/2021 - 19:21:49] -> [INFO]: plugin is using samp-node.json config file
[20/11/2021 - 19:21:49] -> [PLUGIN] samp-node plugin started...
[20/11/2021 - 19:22:39] -> [INFO]: plugin is using samp-node.json config file
[20/11/2021 - 19:22:39] -> [PLUGIN] samp-node plugin started...
[20/11/2021 - 19:22:51] -> [INFO]: plugin is using samp-node.json config file
[20/11/2021 - 19:22:51] -> [PLUGIN] samp-node plugin started...
[20/11/2021 - 19:25:55] -> [INFO]: plugin is using samp-node.json config file
[20/11/2021 - 19:25:55] -> [PLUGIN] samp-node plugin started...
[20/11/2021 - 19:27:56] -> [INFO]: plugin is using samp-node.json config file
[20/11/2021 - 19:27:56] -> [PLUGIN] samp-node plugin started...
[20/11/2021 - 19:28:49] -> [INFO]: plugin is using samp-node.json config file
[20/11/2021 - 19:28:49] -> [PLUGIN] samp-node plugin started...
[20/11/2021 - 19:29:15] -> [INFO]: plugin is using samp-node.json config file
[20/11/2021 - 19:29:15] -> [PLUGIN] samp-node plugin started...
[20/11/2021 - 19:35:02] -> [INFO]: plugin is using samp-node.json config file
[20/11/2021 - 19:35:02] -> [PLUGIN] samp-node plugin started...
[20/11/2021 - 19:35:27] -> [INFO]: plugin is using samp-node.json config file
[20/11/2021 - 19:35:27] -> [PLUGIN] samp-node plugin started...
[20/11/2021 - 19:36:01] -> [INFO]: plugin is using samp-node.json config file
[20/11/2021 - 19:36:01] -> [PLUGIN] samp-node plugin started...
[20/11/2021 - 19:36:45] -> [INFO]: plugin is using samp-node.json config file
[20/11/2021 - 19:36:45] -> [PLUGIN] samp-node plugin started...
[20/11/2021 - 19:37:46] -> [INFO]: plugin is using samp-node.json config file
[20/11/2021 - 19:37:46] -> [PLUGIN] samp-node plugin started...
[20/11/2021 - 19:53:06] -> [INFO]: plugin is using samp-node.json config file
[20/11/2021 - 19:53:06] -> [PLUGIN] samp-node plugin started...
[20/11/2021 - 19:55:49] -> [INFO]: plugin is using samp-node.json config file
[20/11/2021 - 19:55:49] -> [PLUGIN] samp-node plugin started...
[20/11/2021 - 19:56:10] -> [INFO]: plugin is using samp-node.json config file
[20/11/2021 - 19:56:10] -> [PLUGIN] samp-node plugin started...
[20/11/2021 - 20:04:11] -> [INFO]: plugin is using samp-node.json config file
[20/11/2021 - 20:04:11] -> [PLUGIN] samp-node plugin started...
[20/11/2021 - 20:28:08] -> [INFO]: plugin is using samp-node.json config file
[20/11/2021 - 20:28:08] -> [PLUGIN] samp-node plugin started...
[20/11/2021 - 20:30:39] -> [INFO]: plugin is using samp-node.json config file
[20/11/2021 - 20:30:39] -> [PLUGIN] samp-node plugin started...
[20/11/2021 - 20:48:04] -> [INFO]: plugin is using samp-node.json config file
[20/11/2021 - 20:48:04] -> [PLUGIN] samp-node plugin started...
[20/11/2021 - 20:48:54] -> [INFO]: plugin is using samp-node.json config file
[20/11/2021 - 20:48:54] -> [PLUGIN] samp-node plugin started...
[20/11/2021 - 20:50:16] -> [INFO]: plugin is using samp-node.json config file
[20/11/2021 - 20:50:16] -> [PLUGIN] samp-node plugin started...
[20/11/2021 - 20:51:24] -> [INFO]: plugin is using samp-node.json config file
[20/11/2021 - 20:51:24] -> [PLUGIN] samp-node plugin started...
[20/11/2021 - 21:08:16] -> [INFO]: plugin is using samp-node.json config file
[20/11/2021 - 21:08:16] -> [PLUGIN] samp-node plugin started...
[20/11/2021 - 21:09:56] -> [INFO]: plugin is using samp-node.json config file
[20/11/2021 - 21:09:56] -> [PLUGIN] samp-node plugin started...
[20/11/2021 - 21:18:23] -> [INFO]: plugin is using samp-node.json config file
[20/11/2021 - 21:18:23] -> [PLUGIN] samp-node plugin started...
[20/11/2021 - 21:43:20] -> [INFO]: plugin is using samp-node.json config file
[20/11/2021 - 21:43:20] -> [PLUGIN] samp-node plugin started...
[20/11/2021 - 21:46:38] -> [INFO]: plugin is using samp-node.json config file
[20/11/2021 - 21:46:38] -> [PLUGIN] samp-node plugin started...
[21/11/2021 - 05:48:16] -> [INFO]: plugin is using samp-node.json config file
[21/11/2021 - 05:48:16] -> [PLUGIN] samp-node plugin started...
[21/11/2021 - 07:10:18] -> [INFO]: plugin is using samp-node.json config file
[21/11/2021 - 07:10:18] -> [PLUGIN] samp-node plugin started...
[21/11/2021 - 07:14:23] -> [INFO]: plugin is using samp-node.json config file
[21/11/2021 - 07:14:23] -> [PLUGIN] samp-node plugin started...
[21/11/2021 - 07:18:09] -> [INFO]: plugin is using samp-node.json config file
[21/11/2021 - 07:18:09] -> [PLUGIN] samp-node plugin started...
[21/11/2021 - 07:21:17] -> [INFO]: plugin is using samp-node.json config file
[21/11/2021 - 07:21:17] -> [PLUGIN] samp-node plugin started...
[21/11/2021 - 07:26:08] -> [INFO]: plugin is using samp-node.json config file
[21/11/2021 - 07:26:08] -> [PLUGIN] samp-node plugin started...
[21/11/2021 - 07:45:48] -> [INFO]: plugin is using samp-node.json config file
[21/11/2021 - 07:45:48] -> [PLUGIN] samp-node plugin started...
[21/11/2021 - 07:48:39] -> [INFO]: plugin is using samp-node.json config file
[21/11/2021 - 07:48:39] -> [PLUGIN] samp-node plugin started...
[21/11/2021 - 07:50:05] -> [INFO]: plugin is using samp-node.json config file
[21/11/2021 - 07:50:05] -> [PLUGIN] samp-node plugin started...
[21/11/2021 - 07:50:42] -> [INFO]: plugin is using samp-node.json config file
[21/11/2021 - 07:50:42] -> [PLUGIN] samp-node plugin started...
[21/11/2021 - 07:51:36] -> [INFO]: plugin is using samp-node.json config file
[21/11/2021 - 07:51:36] -> [PLUGIN] samp-node plugin started...
[21/11/2021 - 07:52:00] -> [INFO]: plugin is using samp-node.json config file
[21/11/2021 - 07:52:00] -> [PLUGIN] samp-node plugin started...
[21/11/2021 - 07:53:06] -> [INFO]: plugin is using samp-node.json config file
[21/11/2021 - 07:53:06] -> [PLUGIN] samp-node plugin started...
[21/11/2021 - 07:54:22] -> [INFO]: plugin is using samp-node.json config file
[21/11/2021 - 07:54:22] -> [PLUGIN] samp-node plugin started...
[21/11/2021 - 07:58:13] -> [INFO]: plugin is using samp-node.json config file
[21/11/2021 - 07:58:13] -> [PLUGIN] samp-node plugin started...
[21/11/2021 - 07:58:43] -> [INFO]: plugin is using samp-node.json config file
[21/11/2021 - 07:58:43] -> [PLUGIN] samp-node plugin started...
[21/11/2021 - 08:21:25] -> [INFO]: plugin is using samp-node.json config file
[21/11/2021 - 08:21:25] -> [PLUGIN] samp-node plugin started...
[21/11/2021 - 08:28:27] -> [INFO]: plugin is using samp-node.json config file
[21/11/2021 - 08:28:27] -> [PLUGIN] samp-node plugin started...
[21/11/2021 - 08:34:48] -> [INFO]: plugin is using samp-node.json config file
[21/11/2021 - 08:34:48] -> [PLUGIN] samp-node plugin started...
[21/11/2021 - 08:35:43] -> [INFO]: plugin is using samp-node.json config file
[21/11/2021 - 08:35:43] -> [PLUGIN] samp-node plugin started...
[21/11/2021 - 08:44:45] -> [INFO]: plugin is using samp-node.json config file
[21/11/2021 - 08:44:45] -> [PLUGIN] samp-node plugin started...
[21/11/2021 - 08:48:57] -> [INFO]: plugin is using samp-node.json config file
[21/11/2021 - 08:48:57] -> [PLUGIN] samp-node plugin started...
[21/11/2021 - 08:52:38] -> [INFO]: plugin is using samp-node.json config file
[21/11/2021 - 08:52:38] -> [PLUGIN] samp-node plugin started...
[21/11/2021 - 09:09:53] -> [INFO]: plugin is using samp-node.json config file
[21/11/2021 - 09:09:53] -> [PLUGIN] samp-node plugin started...
[21/11/2021 - 09:10:33] -> [INFO]: plugin is using samp-node.json config file
[21/11/2021 - 09:10:33] -> [PLUGIN] samp-node plugin started...
[21/11/2021 - 09:11:36] -> [INFO]: plugin is using samp-node.json config file
[21/11/2021 - 09:11:36] -> [PLUGIN] samp-node plugin started...
[21/11/2021 - 09:11:48] -> [INFO]: plugin is using samp-node.json config file
[21/11/2021 - 09:11:48] -> [PLUGIN] samp-node plugin started...
[21/11/2021 - 09:12:00] -> [INFO]: plugin is using samp-node.json config file
[21/11/2021 - 09:12:00] -> [PLUGIN] samp-node plugin started...
[21/11/2021 - 09:12:34] -> [INFO]: plugin is using samp-node.json config file
[21/11/2021 - 09:12:34] -> [PLUGIN] samp-node plugin started...
[21/11/2021 - 09:12:43] -> [INFO]: plugin is using samp-node.json config file
[21/11/2021 - 09:12:43] -> [PLUGIN] samp-node plugin started...
[21/11/2021 - 09:12:46] -> [INFO]: plugin is using samp-node.json config file
[21/11/2021 - 09:12:46] -> [PLUGIN] samp-node plugin started...
[21/11/2021 - 09:12:50] -> [INFO]: plugin is using samp-node.json config file
[21/11/2021 - 09:12:50] -> [PLUGIN] samp-node plugin started...
[21/11/2021 - 09:13:06] -> [INFO]: plugin is using samp-node.json config file
[21/11/2021 - 09:13:06] -> [PLUGIN] samp-node plugin started...
[21/11/2021 - 09:13:14] -> [INFO]: plugin is using samp-node.json config file
[21/11/2021 - 09:13:14] -> [PLUGIN] samp-node plugin started...
[21/11/2021 - 09:13:19] -> [INFO]: plugin is using samp-node.json config file
[21/11/2021 - 09:13:19] -> [PLUGIN] samp-node plugin started...
[21/11/2021 - 09:15:43] -> [INFO]: plugin is using samp-node.json config file
[21/11/2021 - 09:15:43] -> [PLUGIN] samp-node plugin started...
[21/11/2021 - 09:16:10] -> [INFO]: plugin is using samp-node.json config file
[21/11/2021 - 09:16:10] -> [PLUGIN] samp-node plugin started...
[21/11/2021 - 09:17:43] -> [INFO]: plugin is using samp-node.json config file
[21/11/2021 - 09:17:43] -> [PLUGIN] samp-node plugin started...
[21/11/2021 - 09:22:14] -> [INFO]: plugin is using samp-node.json config file
[21/11/2021 - 09:22:14] -> [PLUGIN] samp-node plugin started...
[21/11/2021 - 09:27:39] -> [INFO]: plugin is using samp-node.json config file
[21/11/2021 - 09:27:39] -> [PLUGIN] samp-node plugin started...
[21/11/2021 - 09:30:32] -> [INFO]: plugin is using samp-node.json config file
[21/11/2021 - 09:30:32] -> [PLUGIN] samp-node plugin started...
[21/11/2021 - 09:34:49] -> [INFO]: plugin is using samp-node.json config file
[21/11/2021 - 09:34:49] -> [PLUGIN] samp-node plugin started...
[21/11/2021 - 09:37:59] -> [INFO]: plugin is using samp-node.json config file
[21/11/2021 - 09:37:59] -> [PLUGIN] samp-node plugin started...
[21/11/2021 - 09:41:28] -> [INFO]: plugin is using samp-node.json config file
[21/11/2021 - 09:41:28] -> [PLUGIN] samp-node plugin started...
[21/11/2021 - 09:47:44] -> [INFO]: plugin is using samp-node.json config file
[21/11/2021 - 09:47:44] -> [PLUGIN] samp-node plugin started...
[21/11/2021 - 10:01:26] -> [INFO]: plugin is using samp-node.json config file
[21/11/2021 - 10:01:26] -> [PLUGIN] samp-node plugin started...
[21/11/2021 - 10:02:12] -> [INFO]: plugin is using samp-node.json config file
[21/11/2021 - 10:02:12] -> [PLUGIN] samp-node plugin started...
[21/11/2021 - 10:05:54] -> [INFO]: plugin is using samp-node.json config file
[21/11/2021 - 10:05:54] -> [PLUGIN] samp-node plugin started...
[21/11/2021 - 10:07:13] -> [INFO]: plugin is using samp-node.json config file
[21/11/2021 - 10:07:13] -> [PLUGIN] samp-node plugin started...
[21/11/2021 - 10:09:27] -> [INFO]: plugin is using samp-node.json config file
[21/11/2021 - 10:09:27] -> [PLUGIN] samp-node plugin started...
[21/11/2021 - 10:10:19] -> [INFO]: plugin is using samp-node.json config file
[21/11/2021 - 10:10:19] -> [PLUGIN] samp-node plugin started...
[21/11/2021 - 10:22:34] -> [INFO]: plugin is using samp-node.json config file
[21/11/2021 - 10:22:34] -> [PLUGIN] samp-node plugin started...
[21/11/2021 - 10:24:18] -> [INFO]: plugin is using samp-node.json config file
[21/11/2021 - 10:24:18] -> [PLUGIN] samp-node plugin started...
[21/11/2021 - 10:24:32] -> [INFO]: plugin is using samp-node.json config file
[21/11/2021 - 10:24:32] -> [PLUGIN] samp-node plugin started...
[21/11/2021 - 10:24:43] -> [INFO]: plugin is using samp-node.json config file
[21/11/2021 - 10:24:43] -> [PLUGIN] samp-node plugin started...
[21/11/2021 - 10:25:33] -> [INFO]: plugin is using samp-node.json config file
[21/11/2021 - 10:25:33] -> [PLUGIN] samp-node plugin started...
[21/11/2021 - 10:25:41] -> [INFO]: plugin is using samp-node.json config file
[21/11/2021 - 10:25:41] -> [PLUGIN] samp-node plugin started...
[21/11/2021 - 11:12:25] -> [INFO]: plugin is using samp-node.json config file
[21/11/2021 - 11:12:25] -> [PLUGIN] samp-node plugin started...
[21/11/2021 - 11:14:16] -> [INFO]: plugin is using samp-node.json config file
[21/11/2021 - 11:14:16] -> [PLUGIN] samp-node plugin started...
[21/11/2021 - 11:15:22] -> [INFO]: plugin is using samp-node.json config file
[21/11/2021 - 11:15:22] -> [PLUGIN] samp-node plugin started...
[21/11/2021 - 11:20:43] -> [INFO]: plugin is using samp-node.json config file
[21/11/2021 - 11:20:43] -> [PLUGIN] samp-node plugin started...
[21/11/2021 - 11:33:36] -> [INFO]: plugin is using samp-node.json config file
[21/11/2021 - 11:33:36] -> [PLUGIN] samp-node plugin started...
[21/11/2021 - 11:34:44] -> [INFO]: plugin is using samp-node.json config file
[21/11/2021 - 11:34:44] -> [PLUGIN] samp-node plugin started...
[21/11/2021 - 11:35:45] -> [INFO]: plugin is using samp-node.json config file
[21/11/2021 - 11:35:45] -> [PLUGIN] samp-node plugin started...
[21/11/2021 - 13:13:57] -> [INFO]: plugin is using samp-node.json config file
[21/11/2021 - 13:13:57] -> [PLUGIN] samp-node plugin started...
[21/11/2021 - 13:45:05] -> [INFO]: plugin is using samp-node.json config file
[21/11/2021 - 13:45:05] -> [PLUGIN] samp-node plugin started...
[21/11/2021 - 14:00:07] -> [INFO]: plugin is using samp-node.json config file
[21/11/2021 - 14:00:07] -> [PLUGIN] samp-node plugin started...
[21/11/2021 - 14:00:32] -> [INFO]: plugin is using samp-node.json config file
[21/11/2021 - 14:00:32] -> [PLUGIN] samp-node plugin started...
[21/11/2021 - 14:05:12] -> [INFO]: plugin is using samp-node.json config file
[21/11/2021 - 14:05:12] -> [PLUGIN] samp-node plugin started...
[21/11/2021 - 14:05:16] -> [INFO]: plugin is using samp-node.json config file
[21/11/2021 - 14:05:16] -> [PLUGIN] samp-node plugin started...
[21/11/2021 - 14:06:18] -> [INFO]: plugin is using samp-node.json config file
[21/11/2021 - 14:06:18] -> [PLUGIN] samp-node plugin started...
[21/11/2021 - 14:06:38] -> [INFO]: plugin is using samp-node.json config file
[21/11/2021 - 14:06:38] -> [PLUGIN] samp-node plugin started...
[21/11/2021 - 14:07:08] -> [INFO]: plugin is using samp-node.json config file
[21/11/2021 - 14:07:08] -> [PLUGIN] samp-node plugin started...
[21/11/2021 - 14:07:49] -> [INFO]: plugin is using samp-node.json config file
[21/11/2021 - 14:07:49] -> [PLUGIN] samp-node plugin started...
[21/11/2021 - 14:08:30] -> [INFO]: plugin is using samp-node.json config file
[21/11/2021 - 14:08:30] -> [PLUGIN] samp-node plugin started...
[21/11/2021 - 14:09:34] -> [INFO]: plugin is using samp-node.json config file
[21/11/2021 - 14:09:34] -> [PLUGIN] samp-node plugin started...
[21/11/2021 - 14:10:23] -> [INFO]: plugin is using samp-node.json config file
[21/11/2021 - 14:10:23] -> [PLUGIN] samp-node plugin started...
[21/11/2021 - 14:11:08] -> [INFO]: plugin is using samp-node.json config file
[21/11/2021 - 14:11:08] -> [PLUGIN] samp-node plugin started...
[21/11/2021 - 14:12:22] -> [INFO]: plugin is using samp-node.json config file
[21/11/2021 - 14:12:22] -> [PLUGIN] samp-node plugin started...
[21/11/2021 - 14:17:36] -> [INFO]: plugin is using samp-node.json config file
[21/11/2021 - 14:17:36] -> [PLUGIN] samp-node plugin started...
[21/11/2021 - 14:18:13] -> [INFO]: plugin is using samp-node.json config file
[21/11/2021 - 14:18:13] -> [PLUGIN] samp-node plugin started...
[21/11/2021 - 14:18:51] -> [INFO]: plugin is using samp-node.json config file
[21/11/2021 - 14:18:51] -> [PLUGIN] samp-node plugin started...
[21/11/2021 - 14:23:28] -> [INFO]: plugin is using samp-node.json config file
[21/11/2021 - 14:23:28] -> [PLUGIN] samp-node plugin started...
[21/11/2021 - 14:35:27] -> [INFO]: plugin is using samp-node.json config file
[21/11/2021 - 14:35:27] -> [PLUGIN] samp-node plugin started...
[21/11/2021 - 14:35:44] -> [INFO]: plugin is using samp-node.json config file
[21/11/2021 - 14:35:44] -> [PLUGIN] samp-node plugin started...
[21/11/2021 - 14:37:55] -> [INFO]: plugin is using samp-node.json config file
[21/11/2021 - 14:37:55] -> [PLUGIN] samp-node plugin started...
[21/11/2021 - 15:01:12] -> [INFO]: plugin is using samp-node.json config file
[21/11/2021 - 15:01:12] -> [PLUGIN] samp-node plugin started...
[21/11/2021 - 15:03:08] -> [INFO]: plugin is using samp-node.json config file
[21/11/2021 - 15:03:08] -> [PLUGIN] samp-node plugin started...
[21/11/2021 - 15:03:29] -> [INFO]: plugin is using samp-node.json config file
[21/11/2021 - 15:03:29] -> [PLUGIN] samp-node plugin started...
[21/11/2021 - 15:04:04] -> [INFO]: plugin is using samp-node.json config file
[21/11/2021 - 15:04:04] -> [PLUGIN] samp-node plugin started...
[21/11/2021 - 15:04:23] -> [INFO]: plugin is using samp-node.json config file
[21/11/2021 - 15:04:23] -> [PLUGIN] samp-node plugin started...
[21/11/2021 - 15:12:06] -> [INFO]: plugin is using samp-node.json config file
[21/11/2021 - 15:12:06] -> [PLUGIN] samp-node plugin started...
[21/11/2021 - 15:12:30] -> [INFO]: plugin is using samp-node.json config file
[21/11/2021 - 15:12:30] -> [PLUGIN] samp-node plugin started...
[21/11/2021 - 15:14:35] -> [INFO]: plugin is using samp-node.json config file
[21/11/2021 - 15:14:35] -> [PLUGIN] samp-node plugin started...
[21/11/2021 - 15:28:25] -> [INFO]: plugin is using samp-node.json config file
[21/11/2021 - 15:28:25] -> [PLUGIN] samp-node plugin started...
[21/11/2021 - 15:29:16] -> [INFO]: plugin is using samp-node.json config file
[21/11/2021 - 15:29:16] -> [PLUGIN] samp-node plugin started...
[21/11/2021 - 15:43:36] -> [INFO]: plugin is using samp-node.json config file
[21/11/2021 - 15:43:36] -> [PLUGIN] samp-node plugin started...
[21/11/2021 - 15:44:48] -> [INFO]: plugin is using samp-node.json config file
[21/11/2021 - 15:44:48] -> [PLUGIN] samp-node plugin started...
[21/11/2021 - 15:44:59] -> [INFO]: plugin is using samp-node.json config file
[21/11/2021 - 15:44:59] -> [PLUGIN] samp-node plugin started...
[21/11/2021 - 15:45:50] -> [INFO]: plugin is using samp-node.json config file
[21/11/2021 - 15:45:50] -> [PLUGIN] samp-node plugin started...
[21/11/2021 - 15:45:54] -> [INFO]: plugin is using samp-node.json config file
[21/11/2021 - 15:45:54] -> [PLUGIN] samp-node plugin started...
[21/11/2021 - 15:46:05] -> [INFO]: plugin is using samp-node.json config file
[21/11/2021 - 15:46:05] -> [PLUGIN] samp-node plugin started...
[21/11/2021 - 15:46:34] -> [INFO]: plugin is using samp-node.json config file
[21/11/2021 - 15:46:34] -> [PLUGIN] samp-node plugin started...
[21/11/2021 - 15:47:22] -> [INFO]: plugin is using samp-node.json config file
[21/11/2021 - 15:47:22] -> [PLUGIN] samp-node plugin started...
[21/11/2021 - 15:47:38] -> [INFO]: plugin is using samp-node.json config file
[21/11/2021 - 15:47:38] -> [PLUGIN] samp-node plugin started...
[21/11/2021 - 16:01:04] -> [INFO]: plugin is using samp-node.json config file
[21/11/2021 - 16:01:04] -> [PLUGIN] samp-node plugin started...
[21/11/2021 - 16:01:23] -> [INFO]: plugin is using samp-node.json config file
[21/11/2021 - 16:01:23] -> [PLUGIN] samp-node plugin started...
[21/11/2021 - 16:01:48] -> [INFO]: plugin is using samp-node.json config file
[21/11/2021 - 16:01:48] -> [PLUGIN] samp-node plugin started...
[21/11/2021 - 16:02:20] -> [INFO]: plugin is using samp-node.json config file
[21/11/2021 - 16:02:20] -> [PLUGIN] samp-node plugin started...
[21/11/2021 - 16:09:07] -> [INFO]: plugin is using samp-node.json config file
[21/11/2021 - 16:09:07] -> [PLUGIN] samp-node plugin started...
[21/11/2021 - 16:10:46] -> [INFO]: plugin is using samp-node.json config file
[21/11/2021 - 16:10:46] -> [PLUGIN] samp-node plugin started...
[21/11/2021 - 16:14:12] -> [INFO]: plugin is using samp-node.json config file
[21/11/2021 - 16:14:12] -> [PLUGIN] samp-node plugin started...
[21/11/2021 - 16:19:26] -> [INFO]: plugin is using samp-node.json config file
[21/11/2021 - 16:19:26] -> [PLUGIN] samp-node plugin started...
[21/11/2021 - 16:19:43] -> [INFO]: plugin is using samp-node.json config file
[21/11/2021 - 16:19:43] -> [PLUGIN] samp-node plugin started...
[21/11/2021 - 16:19:50] -> [INFO]: plugin is using samp-node.json config file
[21/11/2021 - 16:19:50] -> [PLUGIN] samp-node plugin started...
[21/11/2021 - 16:24:10] -> [INFO]: plugin is using samp-node.json config file
[21/11/2021 - 16:24:10] -> [PLUGIN] samp-node plugin started...
[21/11/2021 - 16:24:39] -> [INFO]: plugin is using samp-node.json config file
[21/11/2021 - 16:24:39] -> [PLUGIN] samp-node plugin started...
[21/11/2021 - 16:30:44] -> [INFO]: plugin is using samp-node.json config file
[21/11/2021 - 16:30:44] -> [PLUGIN] samp-node plugin started...
[21/11/2021 - 16:31:16] -> [INFO]: plugin is using samp-node.json config file
[21/11/2021 - 16:31:16] -> [PLUGIN] samp-node plugin started...
[21/11/2021 - 16:53:02] -> [INFO]: plugin is using samp-node.json config file
[21/11/2021 - 16:53:02] -> [PLUGIN] samp-node plugin started...
[21/11/2021 - 16:53:32] -> [INFO]: plugin is using samp-node.json config file
[21/11/2021 - 16:53:32] -> [PLUGIN] samp-node plugin started...
[21/11/2021 - 16:54:03] -> [INFO]: plugin is using samp-node.json config file
[21/11/2021 - 16:54:03] -> [PLUGIN] samp-node plugin started...
[21/11/2021 - 16:54:19] -> [INFO]: plugin is using samp-node.json config file
[21/11/2021 - 16:54:19] -> [PLUGIN] samp-node plugin started...
[21/11/2021 - 16:55:45] -> [INFO]: plugin is using samp-node.json config file
[21/11/2021 - 16:55:45] -> [PLUGIN] samp-node plugin started...
[21/11/2021 - 17:04:13] -> [INFO]: plugin is using samp-node.json config file
[21/11/2021 - 17:04:13] -> [PLUGIN] samp-node plugin started...
[21/11/2021 - 17:05:16] -> [INFO]: plugin is using samp-node.json config file
[21/11/2021 - 17:05:16] -> [PLUGIN] samp-node plugin started...
[21/11/2021 - 17:13:09] -> [INFO]: plugin is using samp-node.json config file
[21/11/2021 - 17:13:09] -> [PLUGIN] samp-node plugin started...
[21/11/2021 - 17:13:34] -> [INFO]: plugin is using samp-node.json config file
[21/11/2021 - 17:13:34] -> [PLUGIN] samp-node plugin started...
[21/11/2021 - 17:17:05] -> [INFO]: plugin is using samp-node.json config file
[21/11/2021 - 17:17:05] -> [PLUGIN] samp-node plugin started...
[21/11/2021 - 17:19:05] -> [INFO]: plugin is using samp-node.json config file
[21/11/2021 - 17:19:05] -> [PLUGIN] samp-node plugin started...
[21/11/2021 - 17:25:29] -> [INFO]: plugin is using samp-node.json config file
[21/11/2021 - 17:25:29] -> [PLUGIN] samp-node plugin started...
[21/11/2021 - 17:28:25] -> [INFO]: plugin is using samp-node.json config file
[21/11/2021 - 17:28:25] -> [PLUGIN] samp-node plugin started...
[21/11/2021 - 17:29:28] -> [INFO]: plugin is using samp-node.json config file
[21/11/2021 - 17:29:28] -> [PLUGIN] samp-node plugin started...
[21/11/2021 - 17:29:48] -> [INFO]: plugin is using samp-node.json config file
[21/11/2021 - 17:29:48] -> [PLUGIN] samp-node plugin started...
[21/11/2021 - 17:30:30] -> [INFO]: plugin is using samp-node.json config file
[21/11/2021 - 17:30:30] -> [PLUGIN] samp-node plugin started...
[21/11/2021 - 17:32:11] -> [INFO]: plugin is using samp-node.json config file
[21/11/2021 - 17:32:11] -> [PLUGIN] samp-node plugin started...
[21/11/2021 - 17:32:38] -> [INFO]: plugin is using samp-node.json config file
[21/11/2021 - 17:32:38] -> [PLUGIN] samp-node plugin started...
[21/11/2021 - 17:36:45] -> [INFO]: plugin is using samp-node.json config file
[21/11/2021 - 17:36:45] -> [PLUGIN] samp-node plugin started...
[21/11/2021 - 17:38:52] -> [INFO]: plugin is using samp-node.json config file
[21/11/2021 - 17:38:52] -> [PLUGIN] samp-node plugin started...
[21/11/2021 - 17:41:35] -> [INFO]: plugin is using samp-node.json config file
[21/11/2021 - 17:41:35] -> [PLUGIN] samp-node plugin started...
[21/11/2021 - 17:44:57] -> [INFO]: plugin is using samp-node.json config file
[21/11/2021 - 17:44:57] -> [PLUGIN] samp-node plugin started...
[21/11/2021 - 17:50:11] -> [INFO]: plugin is using samp-node.json config file
[21/11/2021 - 17:50:11] -> [PLUGIN] samp-node plugin started...
[21/11/2021 - 17:51:36] -> [INFO]: plugin is using samp-node.json config file
[21/11/2021 - 17:51:36] -> [PLUGIN] samp-node plugin started...
[21/11/2021 - 17:51:46] -> [INFO]: plugin is using samp-node.json config file
[21/11/2021 - 17:51:46] -> [PLUGIN] samp-node plugin started...
[21/11/2021 - 17:53:14] -> [INFO]: plugin is using samp-node.json config file
[21/11/2021 - 17:53:14] -> [PLUGIN] samp-node plugin started...
[21/11/2021 - 17:57:08] -> [INFO]: plugin is using samp-node.json config file
[21/11/2021 - 17:57:08] -> [PLUGIN] samp-node plugin started...
[21/11/2021 - 17:59:03] -> [INFO]: plugin is using samp-node.json config file
[21/11/2021 - 17:59:03] -> [PLUGIN] samp-node plugin started...
[21/11/2021 - 18:09:15] -> [INFO]: plugin is using samp-node.json config file
[21/11/2021 - 18:09:15] -> [PLUGIN] samp-node plugin started...
[21/11/2021 - 18:09:37] -> [INFO]: plugin is using samp-node.json config file
[21/11/2021 - 18:09:37] -> [PLUGIN] samp-node plugin started...
[21/11/2021 - 18:09:50] -> [INFO]: plugin is using samp-node.json config file
[21/11/2021 - 18:09:50] -> [PLUGIN] samp-node plugin started...
[21/11/2021 - 18:09:55] -> [INFO]: plugin is using samp-node.json config file
[21/11/2021 - 18:09:55] -> [PLUGIN] samp-node plugin started...
[21/11/2021 - 18:10:09] -> [INFO]: plugin is using samp-node.json config file
[21/11/2021 - 18:10:09] -> [PLUGIN] samp-node plugin started...
[21/11/2021 - 18:10:28] -> [INFO]: plugin is using samp-node.json config file
[21/11/2021 - 18:10:28] -> [PLUGIN] samp-node plugin started...
[21/11/2021 - 18:10:37] -> [INFO]: plugin is using samp-node.json config file
[21/11/2021 - 18:10:37] -> [PLUGIN] samp-node plugin started...
[21/11/2021 - 18:10:47] -> [INFO]: plugin is using samp-node.json config file
[21/11/2021 - 18:10:47] -> [PLUGIN] samp-node plugin started...
[21/11/2021 - 18:10:53] -> [INFO]: plugin is using samp-node.json config file
[21/11/2021 - 18:10:53] -> [PLUGIN] samp-node plugin started...
[21/11/2021 - 18:16:29] -> [INFO]: plugin is using samp-node.json config file
[21/11/2021 - 18:16:29] -> [PLUGIN] samp-node plugin started...
[21/11/2021 - 18:18:13] -> [INFO]: plugin is using samp-node.json config file
[21/11/2021 - 18:18:13] -> [PLUGIN] samp-node plugin started...
[21/11/2021 - 18:23:59] -> [INFO]: plugin is using samp-node.json config file
[21/11/2021 - 18:23:59] -> [PLUGIN] samp-node plugin started...
[21/11/2021 - 18:27:52] -> [INFO]: plugin is using samp-node.json config file
[21/11/2021 - 18:27:52] -> [PLUGIN] samp-node plugin started...
[21/11/2021 - 18:28:37] -> [INFO]: plugin is using samp-node.json config file
[21/11/2021 - 18:28:37] -> [PLUGIN] samp-node plugin started...
[21/11/2021 - 18:30:01] -> [INFO]: plugin is using samp-node.json config file
[21/11/2021 - 18:30:01] -> [PLUGIN] samp-node plugin started...
[21/11/2021 - 18:35:54] -> [INFO]: plugin is using samp-node.json config file
[21/11/2021 - 18:35:54] -> [PLUGIN] samp-node plugin started...
[21/11/2021 - 19:47:05] -> [INFO]: plugin is using samp-node.json config file
[21/11/2021 - 19:47:05] -> [PLUGIN] samp-node plugin started...
[21/11/2021 - 19:48:08] -> [INFO]: plugin is using samp-node.json config file
[21/11/2021 - 19:48:08] -> [PLUGIN] samp-node plugin started...
[21/11/2021 - 19:48:25] -> [INFO]: plugin is using samp-node.json config file
[21/11/2021 - 19:48:25] -> [PLUGIN] samp-node plugin started...
[21/11/2021 - 19:52:31] -> [INFO]: plugin is using samp-node.json config file
[21/11/2021 - 19:52:31] -> [PLUGIN] samp-node plugin started...
[21/11/2021 - 19:54:14] -> [INFO]: plugin is using samp-node.json config file
[21/11/2021 - 19:54:14] -> [PLUGIN] samp-node plugin started...
[21/11/2021 - 19:56:00] -> [INFO]: plugin is using samp-node.json config file
[21/11/2021 - 19:56:00] -> [PLUGIN] samp-node plugin started...
[22/11/2021 - 14:13:42] -> [INFO]: plugin is using samp-node.json config file
[22/11/2021 - 14:13:42] -> [PLUGIN] samp-node plugin started...
[22/11/2021 - 14:39:37] -> [INFO]: plugin is using samp-node.json config file
[22/11/2021 - 14:39:37] -> [PLUGIN] samp-node plugin started...
[22/11/2021 - 14:40:54] -> [INFO]: plugin is using samp-node.json config file
[22/11/2021 - 14:40:54] -> [PLUGIN] samp-node plugin started...
[22/11/2021 - 14:43:31] -> [INFO]: plugin is using samp-node.json config file
[22/11/2021 - 14:43:31] -> [PLUGIN] samp-node plugin started...
[22/11/2021 - 14:53:25] -> [INFO]: plugin is using samp-node.json config file
[22/11/2021 - 14:53:25] -> [PLUGIN] samp-node plugin started...
[22/11/2021 - 15:45:25] -> [INFO]: plugin is using samp-node.json config file
[22/11/2021 - 15:45:25] -> [PLUGIN] samp-node plugin started...
[22/11/2021 - 17:25:33] -> [INFO]: plugin is using samp-node.json config file
[22/11/2021 - 17:25:33] -> [PLUGIN] samp-node plugin started...
[22/11/2021 - 17:27:38] -> [INFO]: plugin is using samp-node.json config file
[22/11/2021 - 17:27:38] -> [PLUGIN] samp-node plugin started...
[22/11/2021 - 17:29:53] -> [INFO]: plugin is using samp-node.json config file
[22/11/2021 - 17:29:53] -> [PLUGIN] samp-node plugin started...
[22/11/2021 - 17:31:48] -> [INFO]: plugin is using samp-node.json config file
[22/11/2021 - 17:31:48] -> [PLUGIN] samp-node plugin started...
[22/11/2021 - 17:35:30] -> [INFO]: plugin is using samp-node.json config file
[22/11/2021 - 17:35:30] -> [PLUGIN] samp-node plugin started...
[22/11/2021 - 17:37:38] -> [INFO]: plugin is using samp-node.json config file
[22/11/2021 - 17:37:38] -> [PLUGIN] samp-node plugin started...
[22/11/2021 - 17:42:08] -> [INFO]: plugin is using samp-node.json config file
[22/11/2021 - 17:42:08] -> [PLUGIN] samp-node plugin started...
[22/11/2021 - 17:45:21] -> [INFO]: plugin is using samp-node.json config file
[22/11/2021 - 17:45:21] -> [PLUGIN] samp-node plugin started...
[22/11/2021 - 17:48:02] -> [INFO]: plugin is using samp-node.json config file
[22/11/2021 - 17:48:02] -> [PLUGIN] samp-node plugin started...
[22/11/2021 - 17:49:18] -> [INFO]: plugin is using samp-node.json config file
[22/11/2021 - 17:49:18] -> [PLUGIN] samp-node plugin started...
[22/11/2021 - 17:50:42] -> [INFO]: plugin is using samp-node.json config file
[22/11/2021 - 17:50:42] -> [PLUGIN] samp-node plugin started...
[22/11/2021 - 17:51:37] -> [INFO]: plugin is using samp-node.json config file
[22/11/2021 - 17:51:37] -> [PLUGIN] samp-node plugin started...
[22/11/2021 - 17:55:10] -> [INFO]: plugin is using samp-node.json config file
[22/11/2021 - 17:55:10] -> [PLUGIN] samp-node plugin started...
[22/11/2021 - 18:46:11] -> [INFO]: plugin is using samp-node.json config file
[22/11/2021 - 18:46:11] -> [PLUGIN] samp-node plugin started...
[22/11/2021 - 18:47:10] -> [INFO]: plugin is using samp-node.json config file
[22/11/2021 - 18:47:10] -> [PLUGIN] samp-node plugin started...
[22/11/2021 - 19:04:46] -> [INFO]: plugin is using samp-node.json config file
[22/11/2021 - 19:04:46] -> [PLUGIN] samp-node plugin started...
[22/11/2021 - 19:16:09] -> [INFO]: plugin is using samp-node.json config file
[22/11/2021 - 19:16:09] -> [PLUGIN] samp-node plugin started...
[22/11/2021 - 19:18:28] -> [INFO]: plugin is using samp-node.json config file
[22/11/2021 - 19:18:28] -> [PLUGIN] samp-node plugin started...
[22/11/2021 - 19:19:17] -> [INFO]: plugin is using samp-node.json config file
[22/11/2021 - 19:19:17] -> [PLUGIN] samp-node plugin started...
[22/11/2021 - 19:22:41] -> [INFO]: plugin is using samp-node.json config file
[22/11/2021 - 19:22:41] -> [PLUGIN] samp-node plugin started...
[22/11/2021 - 19:25:34] -> [INFO]: plugin is using samp-node.json config file
[22/11/2021 - 19:25:34] -> [PLUGIN] samp-node plugin started...
[22/11/2021 - 19:30:50] -> [INFO]: plugin is using samp-node.json config file
[22/11/2021 - 19:30:50] -> [PLUGIN] samp-node plugin started...
[22/11/2021 - 19:41:17] -> [INFO]: plugin is using samp-node.json config file
[22/11/2021 - 19:41:17] -> [PLUGIN] samp-node plugin started...
[22/11/2021 - 19:43:37] -> [INFO]: plugin is using samp-node.json config file
[22/11/2021 - 19:43:37] -> [PLUGIN] samp-node plugin started...
[22/11/2021 - 19:44:21] -> [INFO]: plugin is using samp-node.json config file
[22/11/2021 - 19:44:21] -> [PLUGIN] samp-node plugin started...
[22/11/2021 - 19:44:51] -> [INFO]: plugin is using samp-node.json config file
[22/11/2021 - 19:44:51] -> [PLUGIN] samp-node plugin started...
[22/11/2021 - 19:45:40] -> [INFO]: plugin is using samp-node.json config file
[22/11/2021 - 19:45:40] -> [PLUGIN] samp-node plugin started...
[22/11/2021 - 19:47:25] -> [INFO]: plugin is using samp-node.json config file
[22/11/2021 - 19:47:25] -> [PLUGIN] samp-node plugin started...
[23/11/2021 - 05:40:25] -> [INFO]: plugin is using samp-node.json config file
[23/11/2021 - 05:40:25] -> [PLUGIN] samp-node plugin started...
[23/11/2021 - 13:36:22] -> [INFO]: plugin is using samp-node.json config file
[23/11/2021 - 13:36:22] -> [PLUGIN] samp-node plugin started...
[23/11/2021 - 13:38:02] -> [INFO]: plugin is using samp-node.json config file
[23/11/2021 - 13:38:02] -> [PLUGIN] samp-node plugin started...
[23/11/2021 - 14:24:41] -> [INFO]: plugin is using samp-node.json config file
[23/11/2021 - 14:24:41] -> [PLUGIN] samp-node plugin started...
[23/11/2021 - 14:35:52] -> [INFO]: plugin is using samp-node.json config file
[23/11/2021 - 14:35:52] -> [PLUGIN] samp-node plugin started...
[23/11/2021 - 14:37:32] -> [INFO]: plugin is using samp-node.json config file
[23/11/2021 - 14:37:32] -> [PLUGIN] samp-node plugin started...
[23/11/2021 - 15:11:48] -> [INFO]: plugin is using samp-node.json config file
[23/11/2021 - 15:11:48] -> [PLUGIN] samp-node plugin started...
[23/11/2021 - 15:12:58] -> [INFO]: plugin is using samp-node.json config file
[23/11/2021 - 15:12:58] -> [PLUGIN] samp-node plugin started...
[23/11/2021 - 15:13:39] -> [INFO]: plugin is using samp-node.json config file
[23/11/2021 - 15:13:39] -> [PLUGIN] samp-node plugin started...
[23/11/2021 - 15:16:46] -> [INFO]: plugin is using samp-node.json config file
[23/11/2021 - 15:16:46] -> [PLUGIN] samp-node plugin started...
[23/11/2021 - 15:18:59] -> [INFO]: plugin is using samp-node.json config file
[23/11/2021 - 15:18:59] -> [PLUGIN] samp-node plugin started...
[23/11/2021 - 15:19:18] -> [INFO]: plugin is using samp-node.json config file
[23/11/2021 - 15:19:18] -> [PLUGIN] samp-node plugin started...
[23/11/2021 - 15:22:38] -> [INFO]: plugin is using samp-node.json config file
[23/11/2021 - 15:22:38] -> [PLUGIN] samp-node plugin started...
[23/11/2021 - 15:24:05] -> [INFO]: plugin is using samp-node.json config file
[23/11/2021 - 15:24:05] -> [PLUGIN] samp-node plugin started...
[23/11/2021 - 15:31:43] -> [INFO]: plugin is using samp-node.json config file
[23/11/2021 - 15:31:43] -> [PLUGIN] samp-node plugin started...
[23/11/2021 - 15:46:54] -> [INFO]: plugin is using samp-node.json config file
[23/11/2021 - 15:46:54] -> [PLUGIN] samp-node plugin started...
[23/11/2021 - 15:48:53] -> [INFO]: plugin is using samp-node.json config file
[23/11/2021 - 15:48:53] -> [PLUGIN] samp-node plugin started...
[23/11/2021 - 15:49:01] -> [INFO]: plugin is using samp-node.json config file
[23/11/2021 - 15:49:01] -> [PLUGIN] samp-node plugin started...
[23/11/2021 - 15:49:12] -> [INFO]: plugin is using samp-node.json config file
[23/11/2021 - 15:49:12] -> [PLUGIN] samp-node plugin started...
[23/11/2021 - 15:50:03] -> [INFO]: plugin is using samp-node.json config file
[23/11/2021 - 15:50:03] -> [PLUGIN] samp-node plugin started...
[23/11/2021 - 15:50:23] -> [INFO]: plugin is using samp-node.json config file
[23/11/2021 - 15:50:23] -> [PLUGIN] samp-node plugin started...
[23/11/2021 - 15:50:34] -> [INFO]: plugin is using samp-node.json config file
[23/11/2021 - 15:50:34] -> [PLUGIN] samp-node plugin started...
[23/11/2021 - 15:50:47] -> [INFO]: plugin is using samp-node.json config file
[23/11/2021 - 15:50:47] -> [PLUGIN] samp-node plugin started...
[23/11/2021 - 15:51:04] -> [INFO]: plugin is using samp-node.json config file
[23/11/2021 - 15:51:04] -> [PLUGIN] samp-node plugin started...
[23/11/2021 - 15:51:25] -> [INFO]: plugin is using samp-node.json config file
[23/11/2021 - 15:51:25] -> [PLUGIN] samp-node plugin started...
[23/11/2021 - 16:01:55] -> [INFO]: plugin is using samp-node.json config file
[23/11/2021 - 16:01:55] -> [PLUGIN] samp-node plugin started...
[23/11/2021 - 16:02:20] -> [INFO]: plugin is using samp-node.json config file
[23/11/2021 - 16:02:20] -> [PLUGIN] samp-node plugin started...
[23/11/2021 - 16:03:17] -> [INFO]: plugin is using samp-node.json config file
[23/11/2021 - 16:03:17] -> [PLUGIN] samp-node plugin started...
[23/11/2021 - 16:03:46] -> [INFO]: plugin is using samp-node.json config file
[23/11/2021 - 16:03:46] -> [PLUGIN] samp-node plugin started...
[23/11/2021 - 16:06:52] -> [INFO]: plugin is using samp-node.json config file
[23/11/2021 - 16:06:52] -> [PLUGIN] samp-node plugin started...
[23/11/2021 - 16:07:51] -> [INFO]: plugin is using samp-node.json config file
[23/11/2021 - 16:07:51] -> [PLUGIN] samp-node plugin started...
[23/11/2021 - 16:08:40] -> [INFO]: plugin is using samp-node.json config file
[23/11/2021 - 16:08:40] -> [PLUGIN] samp-node plugin started...
[23/11/2021 - 16:41:06] -> [INFO]: plugin is using samp-node.json config file
[23/11/2021 - 16:41:06] -> [PLUGIN] samp-node plugin started...
[23/11/2021 - 16:43:04] -> [INFO]: plugin is using samp-node.json config file
[23/11/2021 - 16:43:04] -> [PLUGIN] samp-node plugin started...
[23/11/2021 - 16:44:04] -> [INFO]: plugin is using samp-node.json config file
[23/11/2021 - 16:44:04] -> [PLUGIN] samp-node plugin started...
[23/11/2021 - 16:50:32] -> [INFO]: plugin is using samp-node.json config file
[23/11/2021 - 16:50:32] -> [PLUGIN] samp-node plugin started...
[23/11/2021 - 17:01:38] -> [INFO]: plugin is using samp-node.json config file
[23/11/2021 - 17:01:38] -> [PLUGIN] samp-node plugin started...
[23/11/2021 - 17:02:55] -> [INFO]: plugin is using samp-node.json config file
[23/11/2021 - 17:02:55] -> [PLUGIN] samp-node plugin started...
[23/11/2021 - 17:51:38] -> [INFO]: plugin is using samp-node.json config file
[23/11/2021 - 17:51:38] -> [PLUGIN] samp-node plugin started...
[24/11/2021 - 13:42:14] -> [INFO]: plugin is using samp-node.json config file
[24/11/2021 - 13:42:14] -> [PLUGIN] samp-node plugin started...
[24/11/2021 - 13:43:01] -> [INFO]: plugin is using samp-node.json config file
[24/11/2021 - 13:43:01] -> [PLUGIN] samp-node plugin started...
[24/11/2021 - 13:43:46] -> [INFO]: plugin is using samp-node.json config file
[24/11/2021 - 13:43:46] -> [PLUGIN] samp-node plugin started...
[24/11/2021 - 13:48:32] -> [INFO]: plugin is using samp-node.json config file
[24/11/2021 - 13:48:32] -> [PLUGIN] samp-node plugin started...
[24/11/2021 - 13:57:21] -> [INFO]: plugin is using samp-node.json config file
[24/11/2021 - 13:57:21] -> [PLUGIN] samp-node plugin started...
[24/11/2021 - 13:57:45] -> [INFO]: plugin is using samp-node.json config file
[24/11/2021 - 13:57:45] -> [PLUGIN] samp-node plugin started...
[24/11/2021 - 13:58:17] -> [INFO]: plugin is using samp-node.json config file
[24/11/2021 - 13:58:17] -> [PLUGIN] samp-node plugin started...
[24/11/2021 - 13:59:58] -> [INFO]: plugin is using samp-node.json config file
[24/11/2021 - 13:59:58] -> [PLUGIN] samp-node plugin started...
[24/11/2021 - 14:35:28] -> [INFO]: plugin is using samp-node.json config file
[24/11/2021 - 14:35:28] -> [PLUGIN] samp-node plugin started...
[24/11/2021 - 14:42:32] -> [INFO]: plugin is using samp-node.json config file
[24/11/2021 - 14:42:32] -> [PLUGIN] samp-node plugin started...
[24/11/2021 - 14:43:44] -> [INFO]: plugin is using samp-node.json config file
[24/11/2021 - 14:43:44] -> [PLUGIN] samp-node plugin started...
[24/11/2021 - 14:48:17] -> [INFO]: plugin is using samp-node.json config file
[24/11/2021 - 14:48:17] -> [PLUGIN] samp-node plugin started...
[24/11/2021 - 14:48:49] -> [INFO]: plugin is using samp-node.json config file
[24/11/2021 - 14:48:49] -> [PLUGIN] samp-node plugin started...
[24/11/2021 - 14:56:39] -> [INFO]: plugin is using samp-node.json config file
[24/11/2021 - 14:56:39] -> [PLUGIN] samp-node plugin started...
[24/11/2021 - 15:19:37] -> [INFO]: plugin is using samp-node.json config file
[24/11/2021 - 15:19:37] -> [PLUGIN] samp-node plugin started...
[24/11/2021 - 15:20:54] -> [INFO]: plugin is using samp-node.json config file
[24/11/2021 - 15:20:54] -> [PLUGIN] samp-node plugin started...
[24/11/2021 - 15:23:31] -> [INFO]: plugin is using samp-node.json config file
[24/11/2021 - 15:23:31] -> [PLUGIN] samp-node plugin started...
[24/11/2021 - 15:24:39] -> [INFO]: plugin is using samp-node.json config file
[24/11/2021 - 15:24:39] -> [PLUGIN] samp-node plugin started...
[24/11/2021 - 15:30:07] -> [INFO]: plugin is using samp-node.json config file
[24/11/2021 - 15:30:07] -> [PLUGIN] samp-node plugin started...
[24/11/2021 - 15:30:51] -> [INFO]: plugin is using samp-node.json config file
[24/11/2021 - 15:30:51] -> [PLUGIN] samp-node plugin started...
[24/11/2021 - 15:31:36] -> [INFO]: plugin is using samp-node.json config file
[24/11/2021 - 15:31:36] -> [PLUGIN] samp-node plugin started...
[24/11/2021 - 15:32:20] -> [INFO]: plugin is using samp-node.json config file
[24/11/2021 - 15:32:20] -> [PLUGIN] samp-node plugin started...
[24/11/2021 - 15:32:56] -> [INFO]: plugin is using samp-node.json config file
[24/11/2021 - 15:32:56] -> [PLUGIN] samp-node plugin started...
[24/11/2021 - 15:33:31] -> [INFO]: plugin is using samp-node.json config file
[24/11/2021 - 15:33:31] -> [PLUGIN] samp-node plugin started...
[24/11/2021 - 15:38:14] -> [INFO]: plugin is using samp-node.json config file
[24/11/2021 - 15:38:14] -> [PLUGIN] samp-node plugin started...
[24/11/2021 - 16:52:57] -> [INFO]: plugin is using samp-node.json config file
[24/11/2021 - 16:52:57] -> [PLUGIN] samp-node plugin started...
[24/11/2021 - 16:53:35] -> [INFO]: plugin is using samp-node.json config file
[24/11/2021 - 16:53:35] -> [PLUGIN] samp-node plugin started...
[24/11/2021 - 16:54:04] -> [INFO]: plugin is using samp-node.json config file
[24/11/2021 - 16:54:04] -> [PLUGIN] samp-node plugin started...
[24/11/2021 - 16:55:14] -> [INFO]: plugin is using samp-node.json config file
[24/11/2021 - 16:55:14] -> [PLUGIN] samp-node plugin started...
[24/11/2021 - 16:55:52] -> [INFO]: plugin is using samp-node.json config file
[24/11/2021 - 16:55:52] -> [PLUGIN] samp-node plugin started...
[24/11/2021 - 17:01:35] -> [INFO]: plugin is using samp-node.json config file
[24/11/2021 - 17:01:35] -> [PLUGIN] samp-node plugin started...
[24/11/2021 - 17:10:12] -> [INFO]: plugin is using samp-node.json config file
[24/11/2021 - 17:10:12] -> [PLUGIN] samp-node plugin started...
[24/11/2021 - 17:12:11] -> [INFO]: plugin is using samp-node.json config file
[24/11/2021 - 17:12:11] -> [PLUGIN] samp-node plugin started...
[24/11/2021 - 17:17:02] -> [INFO]: plugin is using samp-node.json config file
[24/11/2021 - 17:17:02] -> [PLUGIN] samp-node plugin started...
[24/11/2021 - 17:17:30] -> [INFO]: plugin is using samp-node.json config file
[24/11/2021 - 17:17:30] -> [PLUGIN] samp-node plugin started...
[24/11/2021 - 17:18:50] -> [INFO]: plugin is using samp-node.json config file
[24/11/2021 - 17:18:50] -> [PLUGIN] samp-node plugin started...
[24/11/2021 - 17:19:51] -> [INFO]: plugin is using samp-node.json config file
[24/11/2021 - 17:19:51] -> [PLUGIN] samp-node plugin started...
[24/11/2021 - 17:27:14] -> [INFO]: plugin is using samp-node.json config file
[24/11/2021 - 17:27:14] -> [PLUGIN] samp-node plugin started...
[24/11/2021 - 17:31:21] -> [INFO]: plugin is using samp-node.json config file
[24/11/2021 - 17:31:21] -> [PLUGIN] samp-node plugin started...
[24/11/2021 - 17:47:28] -> [INFO]: plugin is using samp-node.json config file
[24/11/2021 - 17:47:28] -> [PLUGIN] samp-node plugin started...
[24/11/2021 - 18:32:40] -> [INFO]: plugin is using samp-node.json config file
[24/11/2021 - 18:32:40] -> [PLUGIN] samp-node plugin started...
[24/11/2021 - 18:33:09] -> [INFO]: plugin is using samp-node.json config file
[24/11/2021 - 18:33:09] -> [PLUGIN] samp-node plugin started...
[24/11/2021 - 18:34:34] -> [INFO]: plugin is using samp-node.json config file
[24/11/2021 - 18:34:34] -> [PLUGIN] samp-node plugin started...
[24/11/2021 - 18:36:05] -> [INFO]: plugin is using samp-node.json config file
[24/11/2021 - 18:36:05] -> [PLUGIN] samp-node plugin started...
[24/11/2021 - 18:36:12] -> [INFO]: plugin is using samp-node.json config file
[24/11/2021 - 18:36:12] -> [PLUGIN] samp-node plugin started...
[24/11/2021 - 18:36:35] -> [INFO]: plugin is using samp-node.json config file
[24/11/2021 - 18:36:35] -> [PLUGIN] samp-node plugin started...
[24/11/2021 - 18:39:21] -> [INFO]: plugin is using samp-node.json config file
[24/11/2021 - 18:39:21] -> [PLUGIN] samp-node plugin started...
[24/11/2021 - 18:40:52] -> [INFO]: plugin is using samp-node.json config file
[24/11/2021 - 18:40:52] -> [PLUGIN] samp-node plugin started...
[24/11/2021 - 18:49:49] -> [INFO]: plugin is using samp-node.json config file
[24/11/2021 - 18:49:49] -> [PLUGIN] samp-node plugin started...
[24/11/2021 - 18:51:38] -> [INFO]: plugin is using samp-node.json config file
[24/11/2021 - 18:51:38] -> [PLUGIN] samp-node plugin started...
[24/11/2021 - 18:55:02] -> [INFO]: plugin is using samp-node.json config file
[24/11/2021 - 18:55:02] -> [PLUGIN] samp-node plugin started...
[24/11/2021 - 18:59:16] -> [INFO]: plugin is using samp-node.json config file
[24/11/2021 - 18:59:16] -> [PLUGIN] samp-node plugin started...
[24/11/2021 - 19:10:53] -> [INFO]: plugin is using samp-node.json config file
[24/11/2021 - 19:10:53] -> [PLUGIN] samp-node plugin started...
[24/11/2021 - 19:34:13] -> [INFO]: plugin is using samp-node.json config file
[24/11/2021 - 19:34:13] -> [PLUGIN] samp-node plugin started...
[24/11/2021 - 19:34:48] -> [INFO]: plugin is using samp-node.json config file
[24/11/2021 - 19:34:48] -> [PLUGIN] samp-node plugin started...
[24/11/2021 - 19:47:05] -> [INFO]: plugin is using samp-node.json config file
[24/11/2021 - 19:47:05] -> [PLUGIN] samp-node plugin started...
[24/11/2021 - 19:49:32] -> [INFO]: plugin is using samp-node.json config file
[24/11/2021 - 19:49:32] -> [PLUGIN] samp-node plugin started...
[24/11/2021 - 19:50:54] -> [INFO]: plugin is using samp-node.json config file
[24/11/2021 - 19:50:54] -> [PLUGIN] samp-node plugin started...
[24/11/2021 - 19:54:38] -> [INFO]: plugin is using samp-node.json config file
[24/11/2021 - 19:54:38] -> [PLUGIN] samp-node plugin started...
[24/11/2021 - 20:06:56] -> [INFO]: plugin is using samp-node.json config file
[24/11/2021 - 20:06:56] -> [PLUGIN] samp-node plugin started...
[24/11/2021 - 20:07:56] -> [INFO]: plugin is using samp-node.json config file
[24/11/2021 - 20:07:56] -> [PLUGIN] samp-node plugin started...
[24/11/2021 - 20:08:23] -> [INFO]: plugin is using samp-node.json config file
[24/11/2021 - 20:08:23] -> [PLUGIN] samp-node plugin started...
[24/11/2021 - 20:09:34] -> [INFO]: plugin is using samp-node.json config file
[24/11/2021 - 20:09:34] -> [PLUGIN] samp-node plugin started...
[24/11/2021 - 20:13:38] -> [INFO]: plugin is using samp-node.json config file
[24/11/2021 - 20:13:38] -> [PLUGIN] samp-node plugin started...
[24/11/2021 - 20:15:05] -> [INFO]: plugin is using samp-node.json config file
[24/11/2021 - 20:15:05] -> [PLUGIN] samp-node plugin started...
[24/11/2021 - 20:16:15] -> [INFO]: plugin is using samp-node.json config file
[24/11/2021 - 20:16:15] -> [PLUGIN] samp-node plugin started...
[24/11/2021 - 20:17:18] -> [INFO]: plugin is using samp-node.json config file
[24/11/2021 - 20:17:18] -> [PLUGIN] samp-node plugin started...
[24/11/2021 - 20:18:00] -> [INFO]: plugin is using samp-node.json config file
[24/11/2021 - 20:18:00] -> [PLUGIN] samp-node plugin started...
[24/11/2021 - 20:18:11] -> [INFO]: plugin is using samp-node.json config file
[24/11/2021 - 20:18:11] -> [PLUGIN] samp-node plugin started...
[24/11/2021 - 20:19:39] -> [INFO]: plugin is using samp-node.json config file
[24/11/2021 - 20:19:39] -> [PLUGIN] samp-node plugin started...
[24/11/2021 - 20:21:06] -> [INFO]: plugin is using samp-node.json config file
[24/11/2021 - 20:21:06] -> [PLUGIN] samp-node plugin started...
[24/11/2021 - 20:21:45] -> [INFO]: plugin is using samp-node.json config file
[24/11/2021 - 20:21:45] -> [PLUGIN] samp-node plugin started...
[24/11/2021 - 20:49:10] -> [INFO]: plugin is using samp-node.json config file
[24/11/2021 - 20:49:10] -> [PLUGIN] samp-node plugin started...
[25/11/2021 - 09:44:00] -> [INFO]: plugin is using samp-node.json config file
[25/11/2021 - 09:44:00] -> [PLUGIN] samp-node plugin started...
[25/11/2021 - 09:44:02] -> [INFO]: plugin is using samp-node.json config file
[25/11/2021 - 09:44:02] -> [PLUGIN] samp-node plugin started...
[25/11/2021 - 09:44:05] -> [INFO]: plugin is using samp-node.json config file
[25/11/2021 - 09:44:05] -> [PLUGIN] samp-node plugin started...
[25/11/2021 - 09:44:07] -> [INFO]: plugin is using samp-node.json config file
[25/11/2021 - 09:44:07] -> [PLUGIN] samp-node plugin started...
[25/11/2021 - 09:44:10] -> [INFO]: plugin is using samp-node.json config file
[25/11/2021 - 09:44:10] -> [PLUGIN] samp-node plugin started...
[25/11/2021 - 09:44:12] -> [INFO]: plugin is using samp-node.json config file
[25/11/2021 - 09:44:12] -> [PLUGIN] samp-node plugin started...
[25/11/2021 - 09:44:15] -> [INFO]: plugin is using samp-node.json config file
[25/11/2021 - 09:44:15] -> [PLUGIN] samp-node plugin started...
[25/11/2021 - 09:44:18] -> [INFO]: plugin is using samp-node.json config file
[25/11/2021 - 09:44:18] -> [PLUGIN] samp-node plugin started...
[25/11/2021 - 09:44:20] -> [INFO]: plugin is using samp-node.json config file
[25/11/2021 - 09:44:20] -> [PLUGIN] samp-node plugin started...
[25/11/2021 - 09:44:23] -> [INFO]: plugin is using samp-node.json config file
[25/11/2021 - 09:44:23] -> [PLUGIN] samp-node plugin started...
[25/11/2021 - 09:44:25] -> [INFO]: plugin is using samp-node.json config file
[25/11/2021 - 09:44:25] -> [PLUGIN] samp-node plugin started...
[25/11/2021 - 14:09:42] -> [INFO]: plugin is using samp-node.json config file
[25/11/2021 - 14:09:42] -> [PLUGIN] samp-node plugin started...
[25/11/2021 - 14:32:33] -> [INFO]: plugin is using samp-node.json config file
[25/11/2021 - 14:32:33] -> [PLUGIN] samp-node plugin started...
[25/11/2021 - 14:39:36] -> [INFO]: plugin is using samp-node.json config file
[25/11/2021 - 14:39:36] -> [PLUGIN] samp-node plugin started...
[25/11/2021 - 14:42:11] -> [INFO]: plugin is using samp-node.json config file
[25/11/2021 - 14:42:11] -> [PLUGIN] samp-node plugin started...
[25/11/2021 - 14:44:33] -> [INFO]: plugin is using samp-node.json config file
[25/11/2021 - 14:44:33] -> [PLUGIN] samp-node plugin started...
[25/11/2021 - 14:46:30] -> [INFO]: plugin is using samp-node.json config file
[25/11/2021 - 14:46:30] -> [PLUGIN] samp-node plugin started...
[25/11/2021 - 14:48:17] -> [INFO]: plugin is using samp-node.json config file
[25/11/2021 - 14:48:17] -> [PLUGIN] samp-node plugin started...
[25/11/2021 - 14:50:03] -> [INFO]: plugin is using samp-node.json config file
[25/11/2021 - 14:50:03] -> [PLUGIN] samp-node plugin started...
[25/11/2021 - 15:26:27] -> [INFO]: plugin is using samp-node.json config file
[25/11/2021 - 15:26:27] -> [PLUGIN] samp-node plugin started...
[25/11/2021 - 15:28:32] -> [INFO]: plugin is using samp-node.json config file
[25/11/2021 - 15:28:32] -> [PLUGIN] samp-node plugin started...
[25/11/2021 - 15:35:07] -> [INFO]: plugin is using samp-node.json config file
[25/11/2021 - 15:35:07] -> [PLUGIN] samp-node plugin started...
[25/11/2021 - 15:35:24] -> [INFO]: plugin is using samp-node.json config file
[25/11/2021 - 15:35:24] -> [PLUGIN] samp-node plugin started...
[25/11/2021 - 15:36:34] -> [INFO]: plugin is using samp-node.json config file
[25/11/2021 - 15:36:34] -> [PLUGIN] samp-node plugin started...
[25/11/2021 - 15:36:57] -> [INFO]: plugin is using samp-node.json config file
[25/11/2021 - 15:36:57] -> [PLUGIN] samp-node plugin started...
[25/11/2021 - 15:37:15] -> [INFO]: plugin is using samp-node.json config file
[25/11/2021 - 15:37:15] -> [PLUGIN] samp-node plugin started...
[25/11/2021 - 15:38:37] -> [INFO]: plugin is using samp-node.json config file
[25/11/2021 - 15:38:37] -> [PLUGIN] samp-node plugin started...
[25/11/2021 - 15:39:56] -> [INFO]: plugin is using samp-node.json config file
[25/11/2021 - 15:39:56] -> [PLUGIN] samp-node plugin started...
[25/11/2021 - 15:40:23] -> [INFO]: plugin is using samp-node.json config file
[25/11/2021 - 15:40:23] -> [PLUGIN] samp-node plugin started...
[25/11/2021 - 15:42:15] -> [INFO]: plugin is using samp-node.json config file
[25/11/2021 - 15:42:15] -> [PLUGIN] samp-node plugin started...
[25/11/2021 - 15:43:52] -> [INFO]: plugin is using samp-node.json config file
[25/11/2021 - 15:43:52] -> [PLUGIN] samp-node plugin started...
[25/11/2021 - 15:45:31] -> [INFO]: plugin is using samp-node.json config file
[25/11/2021 - 15:45:31] -> [PLUGIN] samp-node plugin started...
[25/11/2021 - 15:47:00] -> [INFO]: plugin is using samp-node.json config file
[25/11/2021 - 15:47:00] -> [PLUGIN] samp-node plugin started...
[25/11/2021 - 15:47:27] -> [INFO]: plugin is using samp-node.json config file
[25/11/2021 - 15:47:27] -> [PLUGIN] samp-node plugin started...
[25/11/2021 - 15:48:05] -> [INFO]: plugin is using samp-node.json config file
[25/11/2021 - 15:48:05] -> [PLUGIN] samp-node plugin started...
[25/11/2021 - 15:49:24] -> [INFO]: plugin is using samp-node.json config file
[25/11/2021 - 15:49:24] -> [PLUGIN] samp-node plugin started...
[25/11/2021 - 15:50:06] -> [INFO]: plugin is using samp-node.json config file
[25/11/2021 - 15:50:06] -> [PLUGIN] samp-node plugin started...
[25/11/2021 - 15:50:22] -> [INFO]: plugin is using samp-node.json config file
[25/11/2021 - 15:50:22] -> [PLUGIN] samp-node plugin started...
[25/11/2021 - 15:52:31] -> [INFO]: plugin is using samp-node.json config file
[25/11/2021 - 15:52:31] -> [PLUGIN] samp-node plugin started...
[25/11/2021 - 15:54:11] -> [INFO]: plugin is using samp-node.json config file
[25/11/2021 - 15:54:11] -> [PLUGIN] samp-node plugin started...
[25/11/2021 - 15:55:56] -> [INFO]: plugin is using samp-node.json config file
[25/11/2021 - 15:55:56] -> [PLUGIN] samp-node plugin started...
[25/11/2021 - 15:58:17] -> [INFO]: plugin is using samp-node.json config file
[25/11/2021 - 15:58:17] -> [PLUGIN] samp-node plugin started...
[25/11/2021 - 15:58:41] -> [INFO]: plugin is using samp-node.json config file
[25/11/2021 - 15:58:41] -> [PLUGIN] samp-node plugin started...
[25/11/2021 - 16:03:52] -> [INFO]: plugin is using samp-node.json config file
[25/11/2021 - 16:03:52] -> [PLUGIN] samp-node plugin started...
[25/11/2021 - 16:13:48] -> [INFO]: plugin is using samp-node.json config file
[25/11/2021 - 16:13:48] -> [PLUGIN] samp-node plugin started...
[25/11/2021 - 16:16:13] -> [INFO]: plugin is using samp-node.json config file
[25/11/2021 - 16:16:13] -> [PLUGIN] samp-node plugin started...
[25/11/2021 - 16:17:24] -> [INFO]: plugin is using samp-node.json config file
[25/11/2021 - 16:17:24] -> [PLUGIN] samp-node plugin started...
[25/11/2021 - 16:19:08] -> [INFO]: plugin is using samp-node.json config file
[25/11/2021 - 16:19:08] -> [PLUGIN] samp-node plugin started...
[25/11/2021 - 16:20:37] -> [INFO]: plugin is using samp-node.json config file
[25/11/2021 - 16:20:37] -> [PLUGIN] samp-node plugin started...
[25/11/2021 - 16:21:50] -> [INFO]: plugin is using samp-node.json config file
[25/11/2021 - 16:21:50] -> [PLUGIN] samp-node plugin started...
[25/11/2021 - 16:22:33] -> [INFO]: plugin is using samp-node.json config file
[25/11/2021 - 16:22:33] -> [PLUGIN] samp-node plugin started...
[25/11/2021 - 16:23:04] -> [INFO]: plugin is using samp-node.json config file
[25/11/2021 - 16:23:04] -> [PLUGIN] samp-node plugin started...
[25/11/2021 - 16:24:58] -> [INFO]: plugin is using samp-node.json config file
[25/11/2021 - 16:24:58] -> [PLUGIN] samp-node plugin started...
[25/11/2021 - 16:26:24] -> [INFO]: plugin is using samp-node.json config file
[25/11/2021 - 16:26:24] -> [PLUGIN] samp-node plugin started...
[25/11/2021 - 16:29:03] -> [INFO]: plugin is using samp-node.json config file
[25/11/2021 - 16:29:03] -> [PLUGIN] samp-node plugin started...
[25/11/2021 - 16:32:29] -> [INFO]: plugin is using samp-node.json config file
[25/11/2021 - 16:32:29] -> [PLUGIN] samp-node plugin started...
[25/11/2021 - 16:33:57] -> [INFO]: plugin is using samp-node.json config file
[25/11/2021 - 16:33:57] -> [PLUGIN] samp-node plugin started...
[25/11/2021 - 16:34:43] -> [INFO]: plugin is using samp-node.json config file
[25/11/2021 - 16:34:43] -> [PLUGIN] samp-node plugin started...
[25/11/2021 - 16:41:28] -> [INFO]: plugin is using samp-node.json config file
[25/11/2021 - 16:41:28] -> [PLUGIN] samp-node plugin started...
[25/11/2021 - 16:42:15] -> [INFO]: plugin is using samp-node.json config file
[25/11/2021 - 16:42:15] -> [PLUGIN] samp-node plugin started...
[25/11/2021 - 16:42:45] -> [INFO]: plugin is using samp-node.json config file
[25/11/2021 - 16:42:45] -> [PLUGIN] samp-node plugin started...
[25/11/2021 - 16:44:32] -> [INFO]: plugin is using samp-node.json config file
[25/11/2021 - 16:44:32] -> [PLUGIN] samp-node plugin started...
[25/11/2021 - 16:45:20] -> [INFO]: plugin is using samp-node.json config file
[25/11/2021 - 16:45:20] -> [PLUGIN] samp-node plugin started...
[25/11/2021 - 16:46:11] -> [INFO]: plugin is using samp-node.json config file
[25/11/2021 - 16:46:11] -> [PLUGIN] samp-node plugin started...
[25/11/2021 - 16:55:21] -> [INFO]: plugin is using samp-node.json config file
[25/11/2021 - 16:55:21] -> [PLUGIN] samp-node plugin started...
[25/11/2021 - 17:03:30] -> [INFO]: plugin is using samp-node.json config file
[25/11/2021 - 17:03:30] -> [PLUGIN] samp-node plugin started...
[25/11/2021 - 17:07:07] -> [INFO]: plugin is using samp-node.json config file
[25/11/2021 - 17:07:07] -> [PLUGIN] samp-node plugin started...
[25/11/2021 - 17:21:12] -> [INFO]: plugin is using samp-node.json config file
[25/11/2021 - 17:21:12] -> [PLUGIN] samp-node plugin started...
[25/11/2021 - 17:22:06] -> [INFO]: plugin is using samp-node.json config file
[25/11/2021 - 17:22:06] -> [PLUGIN] samp-node plugin started...
[25/11/2021 - 17:22:50] -> [INFO]: plugin is using samp-node.json config file
[25/11/2021 - 17:22:50] -> [PLUGIN] samp-node plugin started...
[25/11/2021 - 17:26:34] -> [INFO]: plugin is using samp-node.json config file
[25/11/2021 - 17:26:34] -> [PLUGIN] samp-node plugin started...
[25/11/2021 - 17:27:35] -> [INFO]: plugin is using samp-node.json config file
[25/11/2021 - 17:27:35] -> [PLUGIN] samp-node plugin started...
[25/11/2021 - 17:29:32] -> [INFO]: plugin is using samp-node.json config file
[25/11/2021 - 17:29:32] -> [PLUGIN] samp-node plugin started...
[25/11/2021 - 17:37:24] -> [INFO]: plugin is using samp-node.json config file
[25/11/2021 - 17:37:24] -> [PLUGIN] samp-node plugin started...
[25/11/2021 - 17:40:41] -> [INFO]: plugin is using samp-node.json config file
[25/11/2021 - 17:40:41] -> [PLUGIN] samp-node plugin started...
[25/11/2021 - 17:41:34] -> [INFO]: plugin is using samp-node.json config file
[25/11/2021 - 17:41:34] -> [PLUGIN] samp-node plugin started...
[25/11/2021 - 17:43:44] -> [INFO]: plugin is using samp-node.json config file
[25/11/2021 - 17:43:44] -> [PLUGIN] samp-node plugin started...
[25/11/2021 - 17:46:03] -> [INFO]: plugin is using samp-node.json config file
[25/11/2021 - 17:46:03] -> [PLUGIN] samp-node plugin started...
[25/11/2021 - 17:46:56] -> [INFO]: plugin is using samp-node.json config file
[25/11/2021 - 17:46:56] -> [PLUGIN] samp-node plugin started...
[25/11/2021 - 17:52:16] -> [INFO]: plugin is using samp-node.json config file
[25/11/2021 - 17:52:16] -> [PLUGIN] samp-node plugin started...
[25/11/2021 - 17:54:04] -> [INFO]: plugin is using samp-node.json config file
[25/11/2021 - 17:54:04] -> [PLUGIN] samp-node plugin started...
[25/11/2021 - 17:54:37] -> [INFO]: plugin is using samp-node.json config file
[25/11/2021 - 17:54:37] -> [PLUGIN] samp-node plugin started...
[25/11/2021 - 18:00:38] -> [INFO]: plugin is using samp-node.json config file
[25/11/2021 - 18:00:38] -> [PLUGIN] samp-node plugin started...
[25/11/2021 - 18:02:39] -> [INFO]: plugin is using samp-node.json config file
[25/11/2021 - 18:02:39] -> [PLUGIN] samp-node plugin started...
[25/11/2021 - 18:15:58] -> [INFO]: plugin is using samp-node.json config file
[25/11/2021 - 18:15:58] -> [PLUGIN] samp-node plugin started...
